<?xml version="1.0" encoding="UTF-8"?>
<!-- Generated by org.testng.reporters.JUnitXMLReporter -->
<testsuite ignored="0" hostname="EC2AMAZ-EHR6SVV" failures="0" tests="4" name="Default test" time="4.673" errors="0" timestamp="2024-12-24T10:02:39 IST">
  <testcase classname="com.notes.All_SOAP_Requests" name="post_operation" time="2.789"/>
  <testcase classname="com.notes.All_SOAP_Requests" name="post_operation" time="0.637"/>
  <testcase classname="com.notes.All_SOAP_Requests" name="post_operation" time="0.604"/>
  <testcase classname="com.notes.All_SOAP_Requests" name="post_operation" time="0.596"/>
</testsuite> <!-- Default test -->
