<?xml version="1.0" encoding="UTF-8"?>
<!-- Generated by org.testng.reporters.JUnitXMLReporter -->
<testsuite ignored="0" hostname="EC2AMAZ-EHR6SVV" failures="2" tests="11" name="Test" time="27.146" errors="0" timestamp="2024-12-23T10:00:54 IST">
  <testcase classname="com.countries.Default_Country" name="getDefaultCountry" time="0.482"/>
  <testcase classname="com.countries.RetrieveCountry" name="retrieveCountry" time="0.442"/>
  <testcase classname="com.notes.CreateNoteAllPositiveTCs" name="createNotes_TCS" time="0.452"/>
  <testcase classname="com.notes.CreateNoteAllPositiveTCs" name="createNotes_TCS" time="0.446"/>
  <testcase classname="com.notes.CreateNoteAllPositiveTCs" name="createNotes_TCS" time="0.455"/>
  <testcase classname="com.notes.Update_Note" name="createNotes" time="0.48"/>
  <testcase classname="com.notes.Update_Note" name="updateNotes" time="0.471"/>
  <testcase classname="com.notes.CreateNoteAllNegativeTCs" name="createNotes_TCS" time="0.0">
    <failure type="org.testng.TestNGException" message="
Method public void com.notes.CreateNoteAllNegativeTCs.createNotes_TCS(java.lang.String,java.lang.String,java.lang.String,java.lang.String) requires a @DataProvider named : create_note_negative_tcs">
      <![CDATA[org.testng.TestNGException: 
Method public void com.notes.CreateNoteAllNegativeTCs.createNotes_TCS(java.lang.String,java.lang.String,java.lang.String,java.lang.String) requires a @DataProvider named : create_note_negative_tcs
at java.base/java.util.ArrayList.forEach(ArrayList.java:1596)
... Removed 24 stack frames]]>
    </failure>
  </testcase> <!-- createNotes_TCS -->
  <testcase classname="com.notes.Delete_Notes_Using_UI" name="createNotes" time="0.459"/>
  <testcase classname="com.notes.Delete_Notes_Using_UI" name="DeleteNotes" time="16.934"/>
  <testcase classname="com.notes.CreateNoteLoginAllTCs" name="createNotes_TCS" time="0.001">
    <failure type="org.testng.internal.reflect.MethodMatcherException" message="
[public void com.notes.CreateNoteLoginAllTCs.createNotes_TCS(java.lang.String,java.lang.String,java.lang.String,java.lang.String)] has no parameters defined but was found to be using a data provider (either explicitly specified or inherited from class level annotation).
Data provider mismatch
Method: createNotes_TCS([Parameter{index=0, type=java.lang.String, declaredAnnotations=[]}, Parameter{index=1, type=java.lang.String, declaredAnnotations=[]}, Parameter{index=2, type=java.lang.String, declaredAnnotations=[]}, Parameter{index=3, type=java.lang.String, declaredAnnotations=[]}])
Arguments: [(java.lang.String) vishvajit@abc.com,(java.lang.String) ,(java.lang.String) A valid email address is required]">
      <![CDATA[org.testng.internal.reflect.MethodMatcherException: 
[public void com.notes.CreateNoteLoginAllTCs.createNotes_TCS(java.lang.String,java.lang.String,java.lang.String,java.lang.String)] has no parameters defined but was found to be using a data provider (either explicitly specified or inherited from class level annotation).
Data provider mismatch
Method: createNotes_TCS([Parameter{index=0, type=java.lang.String, declaredAnnotations=[]}, Parameter{index=1, type=java.lang.String, declaredAnnotations=[]}, Parameter{index=2, type=java.lang.String, declaredAnnotations=[]}, Parameter{index=3, type=java.lang.String, declaredAnnotations=[]}])
Arguments: [(java.lang.String) vishvajit@abc.com,(java.lang.String) ,(java.lang.String) A valid email address is required]
at java.base/java.util.ArrayList.forEach(ArrayList.java:1596)
... Removed 22 stack frames]]>
    </failure>
  </testcase> <!-- createNotes_TCS -->
</testsuite> <!-- Test -->
