<?xml version="1.0" encoding="UTF-8"?>
<testng-results ignored="0" total="2" passed="2" failed="0" skipped="0">
  <reporter-output>
  </reporter-output>
  <suite started-at="2024-12-24T12:09:04 IST" name="Suite" finished-at="2024-12-24T12:09:06 IST" duration-ms="2758">
    <groups>
    </groups>
    <test started-at="2024-12-24T12:09:04 IST" name="Test" finished-at="2024-12-24T12:09:06 IST" duration-ms="2758">
      <class name="com.countries.RetrieveCountry">
        <test-method signature="retrieveCountry()[pri:0, instance:com.countries.RetrieveCountry@657c8ad9]" started-at="2024-12-24T12:09:06 IST" name="retrieveCountry" finished-at="2024-12-24T12:09:06 IST" duration-ms="439" status="PASS">
          <reporter-output>
          </reporter-output>
        </test-method> <!-- retrieveCountry -->
      </class> <!-- com.countries.RetrieveCountry -->
      <class name="com.countries.Default_Country">
        <test-method signature="getDefaultCountry()[pri:0, instance:com.countries.Default_Country@6f3b5d16]" started-at="2024-12-24T12:09:04 IST" name="getDefaultCountry" finished-at="2024-12-24T12:09:06 IST" duration-ms="2279" status="PASS">
          <reporter-output>
          </reporter-output>
        </test-method> <!-- getDefaultCountry -->
      </class> <!-- com.countries.Default_Country -->
    </test> <!-- Test -->
  </suite> <!-- Suite -->
</testng-results>
