<?xml version="1.0" encoding="UTF-8"?>
<testng-results ignored="0" total="4" passed="4" failed="0" skipped="0">
  <reporter-output>
  </reporter-output>
  <suite started-at="2024-12-24T10:02:35 IST" name="Default suite" finished-at="2024-12-24T10:02:39 IST" duration-ms="4673">
    <groups>
    </groups>
    <test started-at="2024-12-24T10:02:35 IST" name="Default test" finished-at="2024-12-24T10:02:39 IST" duration-ms="4673">
      <class name="com.notes.All_SOAP_Requests">
        <test-method signature="post_operation(java.lang.String,java.lang.String,java.lang.String)[pri:0, instance:com.notes.All_SOAP_Requests@52e6fdee]" started-at="2024-12-24T10:02:35 IST" name="post_operation" data-provider="allSOAPrequest" finished-at="2024-12-24T10:02:37 IST" duration-ms="2789" status="PASS">
          <params>
            <param index="0">
              <value>
                <![CDATA[SOAP_Add.xml]]>
              </value>
            </param>
            <param index="1">
              <value>
                <![CDATA[AddResult]]>
              </value>
            </param>
            <param index="2">
              <value>
                <![CDATA[10]]>
              </value>
            </param>
          </params>
          <reporter-output>
          </reporter-output>
        </test-method> <!-- post_operation -->
        <test-method signature="post_operation(java.lang.String,java.lang.String,java.lang.String)[pri:0, instance:com.notes.All_SOAP_Requests@52e6fdee]" started-at="2024-12-24T10:02:37 IST" name="post_operation" data-provider="allSOAPrequest" finished-at="2024-12-24T10:02:38 IST" duration-ms="637" status="PASS">
          <params>
            <param index="0">
              <value>
                <![CDATA[SOAP_Subtract.xml]]>
              </value>
            </param>
            <param index="1">
              <value>
                <![CDATA[SubtractResult]]>
              </value>
            </param>
            <param index="2">
              <value>
                <![CDATA[0]]>
              </value>
            </param>
          </params>
          <reporter-output>
          </reporter-output>
        </test-method> <!-- post_operation -->
        <test-method signature="post_operation(java.lang.String,java.lang.String,java.lang.String)[pri:0, instance:com.notes.All_SOAP_Requests@52e6fdee]" started-at="2024-12-24T10:02:38 IST" name="post_operation" data-provider="allSOAPrequest" finished-at="2024-12-24T10:02:39 IST" duration-ms="604" status="PASS">
          <params>
            <param index="0">
              <value>
                <![CDATA[SOAP_Multiply.xml]]>
              </value>
            </param>
            <param index="1">
              <value>
                <![CDATA[MultiplyResult]]>
              </value>
            </param>
            <param index="2">
              <value>
                <![CDATA[25]]>
              </value>
            </param>
          </params>
          <reporter-output>
          </reporter-output>
        </test-method> <!-- post_operation -->
        <test-method signature="post_operation(java.lang.String,java.lang.String,java.lang.String)[pri:0, instance:com.notes.All_SOAP_Requests@52e6fdee]" started-at="2024-12-24T10:02:39 IST" name="post_operation" data-provider="allSOAPrequest" finished-at="2024-12-24T10:02:39 IST" duration-ms="596" status="PASS">
          <params>
            <param index="0">
              <value>
                <![CDATA[SOAP_Divide.xml]]>
              </value>
            </param>
            <param index="1">
              <value>
                <![CDATA[DivideResult]]>
              </value>
            </param>
            <param index="2">
              <value>
                <![CDATA[1]]>
              </value>
            </param>
          </params>
          <reporter-output>
          </reporter-output>
        </test-method> <!-- post_operation -->
      </class> <!-- com.notes.All_SOAP_Requests -->
    </test> <!-- Default test -->
  </suite> <!-- Default suite -->
</testng-results>
